<?xml version="1.0" encoding="UTF-8"?>
<testng-results ignored="0" total="1" passed="1" failed="0" skipped="0">
  <reporter-output>
    <line>
      <![CDATA[open browser]]>
    </line>
    <line>
      <![CDATA[login]]>
    </line>
    <line>
      <![CDATA[CreateCustomer]]>
    </line>
    <line>
      <![CDATA[logout]]>
    </line>
    <line>
      <![CDATA[close browser]]>
    </line>
  </reporter-output>
  <suite started-at="2022-07-06T08:09:25 IST" name="Default suite" finished-at="2022-07-06T08:10:06 IST" duration-ms="41402">
    <groups>
    </groups>
    <test started-at="2022-07-06T08:09:25 IST" name="Default test" finished-at="2022-07-06T08:10:06 IST" duration-ms="41402">
      <class name="com.actitime.testscript.CustomerModule">
        <test-method is-config="true" signature="openBrowser()[pri:0, instance:com.actitime.testscript.CustomerModule@1700915]" started-at="2022-07-06T08:09:25 IST" name="openBrowser" finished-at="2022-07-06T08:09:27 IST" duration-ms="2279" status="PASS">
          <reporter-output>
            <line>
              <![CDATA[open browser]]>
            </line>
          </reporter-output>
        </test-method> <!-- openBrowser -->
        <test-method is-config="true" signature="login()[pri:0, instance:com.actitime.testscript.CustomerModule@1700915]" started-at="2022-07-06T08:09:27 IST" name="login" finished-at="2022-07-06T08:09:48 IST" duration-ms="21167" status="PASS">
          <reporter-output>
            <line>
              <![CDATA[login]]>
            </line>
          </reporter-output>
        </test-method> <!-- login -->
        <test-method signature="createCustomer()[pri:0, instance:com.actitime.testscript.CustomerModule@1700915]" started-at="2022-07-06T08:09:48 IST" name="createCustomer" finished-at="2022-07-06T08:10:04 IST" duration-ms="15550" status="PASS">
          <reporter-output>
            <line>
              <![CDATA[CreateCustomer]]>
            </line>
          </reporter-output>
        </test-method> <!-- createCustomer -->
        <test-method is-config="true" signature="logout()[pri:0, instance:com.actitime.testscript.CustomerModule@1700915]" started-at="2022-07-06T08:10:04 IST" name="logout" finished-at="2022-07-06T08:10:06 IST" duration-ms="2184" status="PASS">
          <reporter-output>
            <line>
              <![CDATA[logout]]>
            </line>
          </reporter-output>
        </test-method> <!-- logout -->
        <test-method is-config="true" signature="closeBrowser()[pri:0, instance:com.actitime.testscript.CustomerModule@1700915]" started-at="2022-07-06T08:10:06 IST" name="closeBrowser" finished-at="2022-07-06T08:10:06 IST" duration-ms="175" status="PASS">
          <reporter-output>
            <line>
              <![CDATA[close browser]]>
            </line>
          </reporter-output>
        </test-method> <!-- closeBrowser -->
      </class> <!-- com.actitime.testscript.CustomerModule -->
    </test> <!-- Default test -->
  </suite> <!-- Default suite -->
</testng-results>
